Job started on p-sc-2469 at Thu Dec 11 19:38:30 EST 2025

Due to MODULEPATH changes, the following have been reloaded:
  1) cuda/11.5.0


Due to MODULEPATH changes, the following have been reloaded:
  1) cuda/11.5.0


The following have been reloaded with a version change:
  1) gcc/13.2.0 => gcc/9.1.0

/storage/work/vai5027/.conda/envs/openmc-env1/lib/python3.11/site-packages/openmc/model/funcs.py:124: FutureWarning: The hexagonal_prism(...) function has been replaced by the HexagonalPrism(...) class. Future versions of OpenMC will not accept hexagonal_prism.
  warn("The hexagonal_prism(...) function has been replaced by the "
                                %%%%%%%%%%%%%%%
                           %%%%%%%%%%%%%%%%%%%%%%%%
                        %%%%%%%%%%%%%%%%%%%%%%%%%%%%%%
                      %%%%%%%%%%%%%%%%%%%%%%%%%%%%%%%%%%
                    %%%%%%%%%%%%%%%%%%%%%%%%%%%%%%%%%%%%%%
                   %%%%%%%%%%%%%%%%%%%%%%%%%%%%%%%%%%%%%%%%
                                    %%%%%%%%%%%%%%%%%%%%%%%%
                                     %%%%%%%%%%%%%%%%%%%%%%%%
                 ###############      %%%%%%%%%%%%%%%%%%%%%%%%
                ##################     %%%%%%%%%%%%%%%%%%%%%%%
                ###################     %%%%%%%%%%%%%%%%%%%%%%%
                ####################     %%%%%%%%%%%%%%%%%%%%%%
                #####################     %%%%%%%%%%%%%%%%%%%%%
                ######################     %%%%%%%%%%%%%%%%%%%%
                #######################     %%%%%%%%%%%%%%%%%%
                 #######################     %%%%%%%%%%%%%%%%%
                 ######################     %%%%%%%%%%%%%%%%%
                  ####################     %%%%%%%%%%%%%%%%%
                    #################     %%%%%%%%%%%%%%%%%
                     ###############     %%%%%%%%%%%%%%%%
                       ############     %%%%%%%%%%%%%%%
                          ########     %%%%%%%%%%%%%%
                                      %%%%%%%%%%%

                 | The OpenMC Monte Carlo Code
       Copyright | 2011-2025 MIT, UChicago Argonne LLC, and contributors
         License | https://docs.openmc.org/en/latest/license.html
         Version | 0.15.3
     Commit Hash | 27e38e894697bb32a1dac7848d2618818b6b8daf
       Date/Time | 2025-12-11 19:38:37
   MPI Processes | 1
  OpenMP Threads | 24

 Reading settings XML file...
 Reading cross sections XML file...
 Reading materials XML file...
 Reading geometry XML file...
 Reading U235 from /storage/work/vai5027/NUCE403/endfb-viii/neutron/U235.h5
 Reading U238 from /storage/work/vai5027/NUCE403/endfb-viii/neutron/U238.h5
 Reading O16 from /storage/work/vai5027/NUCE403/endfb-viii/neutron/O16.h5
 Reading Zr90 from /storage/work/vai5027/NUCE403/endfb-viii/neutron/Zr90.h5
 Reading Zr91 from /storage/work/vai5027/NUCE403/endfb-viii/neutron/Zr91.h5
 Reading Zr92 from /storage/work/vai5027/NUCE403/endfb-viii/neutron/Zr92.h5
 Reading Zr94 from /storage/work/vai5027/NUCE403/endfb-viii/neutron/Zr94.h5
 Reading Zr96 from /storage/work/vai5027/NUCE403/endfb-viii/neutron/Zr96.h5
 WARNING: Negative value(s) found on probability table for nuclide Zr96 at 294K
 Reading Sn112 from /storage/work/vai5027/NUCE403/endfb-viii/neutron/Sn112.h5
 Reading Sn114 from /storage/work/vai5027/NUCE403/endfb-viii/neutron/Sn114.h5
 Reading Sn115 from /storage/work/vai5027/NUCE403/endfb-viii/neutron/Sn115.h5
 Reading Sn116 from /storage/work/vai5027/NUCE403/endfb-viii/neutron/Sn116.h5
 Reading Sn117 from /storage/work/vai5027/NUCE403/endfb-viii/neutron/Sn117.h5
 Reading Sn118 from /storage/work/vai5027/NUCE403/endfb-viii/neutron/Sn118.h5
 Reading Sn119 from /storage/work/vai5027/NUCE403/endfb-viii/neutron/Sn119.h5
 Reading Sn120 from /storage/work/vai5027/NUCE403/endfb-viii/neutron/Sn120.h5
 Reading Sn122 from /storage/work/vai5027/NUCE403/endfb-viii/neutron/Sn122.h5
 Reading Sn124 from /storage/work/vai5027/NUCE403/endfb-viii/neutron/Sn124.h5
 Reading Fe54 from /storage/work/vai5027/NUCE403/endfb-viii/neutron/Fe54.h5
 Reading Fe56 from /storage/work/vai5027/NUCE403/endfb-viii/neutron/Fe56.h5
 Reading Fe57 from /storage/work/vai5027/NUCE403/endfb-viii/neutron/Fe57.h5
 Reading Fe58 from /storage/work/vai5027/NUCE403/endfb-viii/neutron/Fe58.h5
 Reading Cr50 from /storage/work/vai5027/NUCE403/endfb-viii/neutron/Cr50.h5
 Reading Cr52 from /storage/work/vai5027/NUCE403/endfb-viii/neutron/Cr52.h5
 Reading Cr53 from /storage/work/vai5027/NUCE403/endfb-viii/neutron/Cr53.h5
 Reading Cr54 from /storage/work/vai5027/NUCE403/endfb-viii/neutron/Cr54.h5
 Reading O17 from /storage/work/vai5027/NUCE403/endfb-viii/neutron/O17.h5
 Reading O18 from /storage/work/vai5027/NUCE403/endfb-viii/neutron/O18.h5
 Reading Hf174 from /storage/work/vai5027/NUCE403/endfb-viii/neutron/Hf174.h5
 Reading Hf176 from /storage/work/vai5027/NUCE403/endfb-viii/neutron/Hf176.h5
 Reading Hf177 from /storage/work/vai5027/NUCE403/endfb-viii/neutron/Hf177.h5
 Reading Hf178 from /storage/work/vai5027/NUCE403/endfb-viii/neutron/Hf178.h5
 Reading Hf179 from /storage/work/vai5027/NUCE403/endfb-viii/neutron/Hf179.h5
 Reading Hf180 from /storage/work/vai5027/NUCE403/endfb-viii/neutron/Hf180.h5
 Reading H1 from /storage/work/vai5027/NUCE403/endfb-viii/neutron/H1.h5
 Reading H2 from /storage/work/vai5027/NUCE403/endfb-viii/neutron/H2.h5
 Reading B10 from /storage/work/vai5027/NUCE403/endfb-viii/neutron/B10.h5
 Reading B11 from /storage/work/vai5027/NUCE403/endfb-viii/neutron/B11.h5
 Reading C12 from /storage/work/vai5027/NUCE403/endfb-viii/neutron/C12.h5
 Reading Ni58 from /storage/work/vai5027/NUCE403/endfb-viii/neutron/Ni58.h5
 Reading Ni60 from /storage/work/vai5027/NUCE403/endfb-viii/neutron/Ni60.h5
 Reading Ni61 from /storage/work/vai5027/NUCE403/endfb-viii/neutron/Ni61.h5
 Reading Ni62 from /storage/work/vai5027/NUCE403/endfb-viii/neutron/Ni62.h5
 Reading Ni64 from /storage/work/vai5027/NUCE403/endfb-viii/neutron/Ni64.h5
 Reading Mn55 from /storage/work/vai5027/NUCE403/endfb-viii/neutron/Mn55.h5
 Reading C13 from /storage/work/vai5027/NUCE403/endfb-viii/neutron/C13.h5
 Reading c_H_in_H2O from
 /storage/work/vai5027/NUCE403/endfb-viii/neutron/c_H_in_H2O.h5
 Minimum neutron data temperature: 294 K
 Maximum neutron data temperature: 294 K
 Preparing distributed cell instances...
 Reading plot XML file...
 Writing summary.h5 file...
 Maximum neutron transport energy: 20000000 eV for Zr90
 Initializing source particles...

 ====================>     K EIGENVALUE SIMULATION     <====================

  Bat./Gen.      k            Average k
  =========   ========   ====================
        1/1    0.92269
        2/1    0.96112
        3/1    0.96035
        4/1    0.94489
        5/1    0.95172
        6/1    0.94257
        7/1    0.94741
        8/1    0.93612
        9/1    0.94690
       10/1    0.92933
       11/1    0.94258
       12/1    0.92739
       13/1    0.92636
       14/1    0.93551
       15/1    0.93263
       16/1    0.92748
       17/1    0.92372
       18/1    0.93185
       19/1    0.92982
       20/1    0.92935
       21/1    0.91973
       22/1    0.93068
       23/1    0.91007
       24/1    0.91585
       25/1    0.92240
       26/1    0.92417
       27/1    0.91497
       28/1    0.92200
       29/1    0.91772
       30/1    0.92748
       31/1    0.91333
       32/1    0.92107    0.91720 +/- 0.00387
       33/1    0.91977    0.91806 +/- 0.00239
       34/1    0.92757    0.92044 +/- 0.00292
       35/1    0.92049    0.92045 +/- 0.00226
       36/1    0.92097    0.92053 +/- 0.00185
       37/1    0.91824    0.92021 +/- 0.00160
       38/1    0.92064    0.92026 +/- 0.00138
       39/1    0.92923    0.92126 +/- 0.00158
       40/1    0.92039    0.92117 +/- 0.00141
       41/1    0.92940    0.92192 +/- 0.00148
       42/1    0.91925    0.92170 +/- 0.00137
       43/1    0.91535    0.92121 +/- 0.00135
       44/1    0.91561    0.92081 +/- 0.00131
       45/1    0.92350    0.92099 +/- 0.00124
       46/1    0.92010    0.92093 +/- 0.00116
       47/1    0.92599    0.92123 +/- 0.00113
       48/1    0.91966    0.92114 +/- 0.00107
       49/1    0.90634    0.92036 +/- 0.00127
       50/1    0.92183    0.92044 +/- 0.00121
       51/1    0.91878    0.92036 +/- 0.00115
       52/1    0.91474    0.92010 +/- 0.00113
       53/1    0.91776    0.92000 +/- 0.00108
       54/1    0.91549    0.91981 +/- 0.00106
       55/1    0.91388    0.91958 +/- 0.00104
       56/1    0.91615    0.91944 +/- 0.00101
       57/1    0.91845    0.91941 +/- 0.00097
       58/1    0.91680    0.91931 +/- 0.00094
       59/1    0.91836    0.91928 +/- 0.00091
       60/1    0.91448    0.91912 +/- 0.00089
       61/1    0.92588    0.91934 +/- 0.00089
       62/1    0.92267    0.91944 +/- 0.00087
       63/1    0.91321    0.91925 +/- 0.00086
       64/1    0.92791    0.91951 +/- 0.00087
       65/1    0.92690    0.91972 +/- 0.00087
       66/1    0.92000    0.91973 +/- 0.00085
       67/1    0.92159    0.91978 +/- 0.00083
       68/1    0.92633    0.91995 +/- 0.00082
       69/1    0.92161    0.91999 +/- 0.00080
       70/1    0.91619    0.91990 +/- 0.00079
       71/1    0.91645    0.91981 +/- 0.00077
       72/1    0.92804    0.92001 +/- 0.00078
       73/1    0.91447    0.91988 +/- 0.00077
       74/1    0.91923    0.91987 +/- 0.00076
       75/1    0.91661    0.91979 +/- 0.00074
       76/1    0.91917    0.91978 +/- 0.00073
       77/1    0.92373    0.91986 +/- 0.00071
       78/1    0.92789    0.92003 +/- 0.00072
       79/1    0.91495    0.91993 +/- 0.00071
       80/1    0.91581    0.91985 +/- 0.00070
       81/1    0.91896    0.91983 +/- 0.00069
       82/1    0.92884    0.92000 +/- 0.00070
       83/1    0.92070    0.92001 +/- 0.00068
       84/1    0.91773    0.91997 +/- 0.00067
       85/1    0.92325    0.92003 +/- 0.00066
       86/1    0.91172    0.91988 +/- 0.00067
       87/1    0.91353    0.91977 +/- 0.00067
       88/1    0.91702    0.91972 +/- 0.00066
       89/1    0.92730    0.91985 +/- 0.00066
       90/1    0.91794    0.91982 +/- 0.00065
       91/1    0.91871    0.91980 +/- 0.00064
       92/1    0.92038    0.91981 +/- 0.00063
       93/1    0.91766    0.91978 +/- 0.00062
       94/1    0.92015    0.91978 +/- 0.00061
       95/1    0.91499    0.91971 +/- 0.00060
       96/1    0.92257    0.91975 +/- 0.00059
       97/1    0.92568    0.91984 +/- 0.00059
       98/1    0.92819    0.91996 +/- 0.00060
       99/1    0.91202    0.91985 +/- 0.00060
      100/1    0.91560    0.91979 +/- 0.00059
      101/1    0.91163    0.91967 +/- 0.00060
      102/1    0.90927    0.91953 +/- 0.00061
      103/1    0.92160    0.91956 +/- 0.00060
      104/1    0.91698    0.91952 +/- 0.00059
      105/1    0.92343    0.91957 +/- 0.00059
      106/1    0.92696    0.91967 +/- 0.00059
      107/1    0.92328    0.91972 +/- 0.00058
      108/1    0.92187    0.91975 +/- 0.00057
      109/1    0.92431    0.91980 +/- 0.00057
      110/1    0.93661    0.92001 +/- 0.00060
      111/1    0.92093    0.92003 +/- 0.00059
      112/1    0.91640    0.91998 +/- 0.00059
      113/1    0.92026    0.91998 +/- 0.00058
      114/1    0.92322    0.92002 +/- 0.00057
      115/1    0.91427    0.91996 +/- 0.00057
      116/1    0.92607    0.92003 +/- 0.00057
      117/1    0.92044    0.92003 +/- 0.00056
      118/1    0.91426    0.91997 +/- 0.00056
      119/1    0.92199    0.91999 +/- 0.00055
      120/1    0.91793    0.91997 +/- 0.00055
      121/1    0.92380    0.92001 +/- 0.00054
      122/1    0.92579    0.92007 +/- 0.00054
      123/1    0.92133    0.92008 +/- 0.00054
      124/1    0.91419    0.92002 +/- 0.00053
      125/1    0.92632    0.92009 +/- 0.00053
      126/1    0.91535    0.92004 +/- 0.00053
      127/1    0.92406    0.92008 +/- 0.00053
      128/1    0.93086    0.92019 +/- 0.00053
      129/1    0.91656    0.92015 +/- 0.00053
      130/1    0.91710    0.92012 +/- 0.00052
      131/1    0.91399    0.92006 +/- 0.00052
      132/1    0.92278    0.92009 +/- 0.00052
      133/1    0.91150    0.92001 +/- 0.00052
      134/1    0.91460    0.91995 +/- 0.00052
      135/1    0.91751    0.91993 +/- 0.00051
      136/1    0.92026    0.91993 +/- 0.00051
      137/1    0.92660    0.92000 +/- 0.00051
      138/1    0.91832    0.91998 +/- 0.00050
      139/1    0.92486    0.92002 +/- 0.00050
      140/1    0.91251    0.91996 +/- 0.00050
      141/1    0.91701    0.91993 +/- 0.00049
      142/1    0.91754    0.91991 +/- 0.00049
      143/1    0.91893    0.91990 +/- 0.00049
      144/1    0.92914    0.91998 +/- 0.00049
      145/1    0.91446    0.91993 +/- 0.00049
      146/1    0.92460    0.91997 +/- 0.00048
      147/1    0.92209    0.91999 +/- 0.00048
      148/1    0.92289    0.92002 +/- 0.00048
      149/1    0.91738    0.91999 +/- 0.00047
      150/1    0.92165    0.92001 +/- 0.00047
      151/1    0.92011    0.92001 +/- 0.00047
      152/1    0.92149    0.92002 +/- 0.00046
      153/1    0.92228    0.92004 +/- 0.00046
      154/1    0.92484    0.92008 +/- 0.00046
      155/1    0.92620    0.92013 +/- 0.00046
      156/1    0.91868    0.92012 +/- 0.00045
      157/1    0.91718    0.92009 +/- 0.00045
      158/1    0.91540    0.92006 +/- 0.00045
      159/1    0.92927    0.92013 +/- 0.00045
      160/1    0.91708    0.92010 +/- 0.00045
      161/1    0.91427    0.92006 +/- 0.00045
      162/1    0.92666    0.92011 +/- 0.00045
      163/1    0.91986    0.92011 +/- 0.00044
      164/1    0.92468    0.92014 +/- 0.00044
      165/1    0.92198    0.92015 +/- 0.00044
      166/1    0.92009    0.92015 +/- 0.00043
      167/1    0.91804    0.92014 +/- 0.00043
      168/1    0.91232    0.92008 +/- 0.00043
      169/1    0.92121    0.92009 +/- 0.00043
      170/1    0.91639    0.92006 +/- 0.00043
      171/1    0.92449    0.92010 +/- 0.00042
      172/1    0.92469    0.92013 +/- 0.00042
      173/1    0.92594    0.92017 +/- 0.00042
      174/1    0.92832    0.92022 +/- 0.00042
      175/1    0.92124    0.92023 +/- 0.00042
      176/1    0.91641    0.92021 +/- 0.00042
      177/1    0.91730    0.92019 +/- 0.00041
      178/1    0.91888    0.92018 +/- 0.00041
      179/1    0.91553    0.92015 +/- 0.00041
      180/1    0.92931    0.92021 +/- 0.00041
      181/1    0.91752    0.92019 +/- 0.00041
      182/1    0.91477    0.92015 +/- 0.00041
      183/1    0.91251    0.92010 +/- 0.00041
      184/1    0.92226    0.92012 +/- 0.00041
      185/1    0.92148    0.92013 +/- 0.00040
      186/1    0.92034    0.92013 +/- 0.00040
      187/1    0.91880    0.92012 +/- 0.00040
      188/1    0.91377    0.92008 +/- 0.00040
      189/1    0.92147    0.92009 +/- 0.00040
      190/1    0.91325    0.92005 +/- 0.00040
      191/1    0.92374    0.92007 +/- 0.00039
      192/1    0.92386    0.92009 +/- 0.00039
      193/1    0.93189    0.92016 +/- 0.00040
      194/1    0.92371    0.92019 +/- 0.00040
      195/1    0.92734    0.92023 +/- 0.00040
      196/1    0.91504    0.92020 +/- 0.00039
      197/1    0.92404    0.92022 +/- 0.00039
      198/1    0.92750    0.92026 +/- 0.00039
      199/1    0.92019    0.92026 +/- 0.00039
      200/1    0.91114    0.92021 +/- 0.00039
 Creating state point statepoint.200.h5...

 =======================>     TIMING STATISTICS     <=======================

 Total time for initialization     = 1.7968e+01 seconds
   Reading cross sections          = 1.7416e+01 seconds
 Total time in simulation          = 5.5870e+01 seconds
   Time in transport only          = 5.4573e+01 seconds
   Time in inactive batches        = 8.4115e+00 seconds
   Time in active batches          = 4.7458e+01 seconds
   Time synchronizing fission bank = 7.5228e-01 seconds
     Sampling source sites         = 5.6860e-01 seconds
     SEND/RECV source sites        = 1.7188e-01 seconds
   Time accumulating tallies       = 1.6067e-04 seconds
   Time writing statepoints        = 1.0743e-01 seconds
 Total time for finalization       = 1.2560e-06 seconds
 Total time elapsed                = 7.3880e+01 seconds
 Calculation Rate (inactive)       = 178326 particles/second
 Calculation Rate (active)         = 179104 particles/second

 ============================>     RESULTS     <============================

 k-effective (Collision)     = 0.92016 +/- 0.00038
 k-effective (Track-length)  = 0.92021 +/- 0.00039
 k-effective (Absorption)    = 0.91995 +/- 0.00035
 Combined k-effective        = 0.92007 +/- 0.00030
 Leakage Fraction            = 0.01062 +/- 0.00004

Job ended on p-sc-2469 at Thu Dec 11 19:39:51 EST 2025
