Job started on p-sc-2451 at Thu Dec 11 18:49:58 EST 2025

Due to MODULEPATH changes, the following have been reloaded:
  1) cuda/11.5.0


Due to MODULEPATH changes, the following have been reloaded:
  1) cuda/11.5.0


The following have been reloaded with a version change:
  1) gcc/13.2.0 => gcc/9.1.0

/storage/work/vai5027/.conda/envs/openmc-env1/lib/python3.11/site-packages/openmc/model/funcs.py:124: FutureWarning: The hexagonal_prism(...) function has been replaced by the HexagonalPrism(...) class. Future versions of OpenMC will not accept hexagonal_prism.
  warn("The hexagonal_prism(...) function has been replaced by the "
                                %%%%%%%%%%%%%%%
                           %%%%%%%%%%%%%%%%%%%%%%%%
                        %%%%%%%%%%%%%%%%%%%%%%%%%%%%%%
                      %%%%%%%%%%%%%%%%%%%%%%%%%%%%%%%%%%
                    %%%%%%%%%%%%%%%%%%%%%%%%%%%%%%%%%%%%%%
                   %%%%%%%%%%%%%%%%%%%%%%%%%%%%%%%%%%%%%%%%
                                    %%%%%%%%%%%%%%%%%%%%%%%%
                                     %%%%%%%%%%%%%%%%%%%%%%%%
                 ###############      %%%%%%%%%%%%%%%%%%%%%%%%
                ##################     %%%%%%%%%%%%%%%%%%%%%%%
                ###################     %%%%%%%%%%%%%%%%%%%%%%%
                ####################     %%%%%%%%%%%%%%%%%%%%%%
                #####################     %%%%%%%%%%%%%%%%%%%%%
                ######################     %%%%%%%%%%%%%%%%%%%%
                #######################     %%%%%%%%%%%%%%%%%%
                 #######################     %%%%%%%%%%%%%%%%%
                 ######################     %%%%%%%%%%%%%%%%%
                  ####################     %%%%%%%%%%%%%%%%%
                    #################     %%%%%%%%%%%%%%%%%
                     ###############     %%%%%%%%%%%%%%%%
                       ############     %%%%%%%%%%%%%%%
                          ########     %%%%%%%%%%%%%%
                                      %%%%%%%%%%%

                 | The OpenMC Monte Carlo Code
       Copyright | 2011-2025 MIT, UChicago Argonne LLC, and contributors
         License | https://docs.openmc.org/en/latest/license.html
         Version | 0.15.3
     Commit Hash | 27e38e894697bb32a1dac7848d2618818b6b8daf
       Date/Time | 2025-12-11 18:50:20
   MPI Processes | 1
  OpenMP Threads | 24

 Reading settings XML file...
 Reading cross sections XML file...
 Reading materials XML file...
 Reading geometry XML file...
 Reading U235 from /storage/work/vai5027/NUCE403/endfb-viii/neutron/U235.h5
 Reading U238 from /storage/work/vai5027/NUCE403/endfb-viii/neutron/U238.h5
 Reading O16 from /storage/work/vai5027/NUCE403/endfb-viii/neutron/O16.h5
 Reading Zr90 from /storage/work/vai5027/NUCE403/endfb-viii/neutron/Zr90.h5
 Reading Zr91 from /storage/work/vai5027/NUCE403/endfb-viii/neutron/Zr91.h5
 Reading Zr92 from /storage/work/vai5027/NUCE403/endfb-viii/neutron/Zr92.h5
 Reading Zr94 from /storage/work/vai5027/NUCE403/endfb-viii/neutron/Zr94.h5
 Reading Zr96 from /storage/work/vai5027/NUCE403/endfb-viii/neutron/Zr96.h5
 WARNING: Negative value(s) found on probability table for nuclide Zr96 at 294K
 Reading Sn112 from /storage/work/vai5027/NUCE403/endfb-viii/neutron/Sn112.h5
 Reading Sn114 from /storage/work/vai5027/NUCE403/endfb-viii/neutron/Sn114.h5
 Reading Sn115 from /storage/work/vai5027/NUCE403/endfb-viii/neutron/Sn115.h5
 Reading Sn116 from /storage/work/vai5027/NUCE403/endfb-viii/neutron/Sn116.h5
 Reading Sn117 from /storage/work/vai5027/NUCE403/endfb-viii/neutron/Sn117.h5
 Reading Sn118 from /storage/work/vai5027/NUCE403/endfb-viii/neutron/Sn118.h5
 Reading Sn119 from /storage/work/vai5027/NUCE403/endfb-viii/neutron/Sn119.h5
 Reading Sn120 from /storage/work/vai5027/NUCE403/endfb-viii/neutron/Sn120.h5
 Reading Sn122 from /storage/work/vai5027/NUCE403/endfb-viii/neutron/Sn122.h5
 Reading Sn124 from /storage/work/vai5027/NUCE403/endfb-viii/neutron/Sn124.h5
 Reading Fe54 from /storage/work/vai5027/NUCE403/endfb-viii/neutron/Fe54.h5
 Reading Fe56 from /storage/work/vai5027/NUCE403/endfb-viii/neutron/Fe56.h5
 Reading Fe57 from /storage/work/vai5027/NUCE403/endfb-viii/neutron/Fe57.h5
 Reading Fe58 from /storage/work/vai5027/NUCE403/endfb-viii/neutron/Fe58.h5
 Reading Cr50 from /storage/work/vai5027/NUCE403/endfb-viii/neutron/Cr50.h5
 Reading Cr52 from /storage/work/vai5027/NUCE403/endfb-viii/neutron/Cr52.h5
 Reading Cr53 from /storage/work/vai5027/NUCE403/endfb-viii/neutron/Cr53.h5
 Reading Cr54 from /storage/work/vai5027/NUCE403/endfb-viii/neutron/Cr54.h5
 Reading O17 from /storage/work/vai5027/NUCE403/endfb-viii/neutron/O17.h5
 Reading O18 from /storage/work/vai5027/NUCE403/endfb-viii/neutron/O18.h5
 Reading Hf174 from /storage/work/vai5027/NUCE403/endfb-viii/neutron/Hf174.h5
 Reading Hf176 from /storage/work/vai5027/NUCE403/endfb-viii/neutron/Hf176.h5
 Reading Hf177 from /storage/work/vai5027/NUCE403/endfb-viii/neutron/Hf177.h5
 Reading Hf178 from /storage/work/vai5027/NUCE403/endfb-viii/neutron/Hf178.h5
 Reading Hf179 from /storage/work/vai5027/NUCE403/endfb-viii/neutron/Hf179.h5
 Reading Hf180 from /storage/work/vai5027/NUCE403/endfb-viii/neutron/Hf180.h5
 Reading H1 from /storage/work/vai5027/NUCE403/endfb-viii/neutron/H1.h5
 Reading H2 from /storage/work/vai5027/NUCE403/endfb-viii/neutron/H2.h5
 Reading B10 from /storage/work/vai5027/NUCE403/endfb-viii/neutron/B10.h5
 Reading B11 from /storage/work/vai5027/NUCE403/endfb-viii/neutron/B11.h5
 Reading C12 from /storage/work/vai5027/NUCE403/endfb-viii/neutron/C12.h5
 Reading Ni58 from /storage/work/vai5027/NUCE403/endfb-viii/neutron/Ni58.h5
 Reading Ni60 from /storage/work/vai5027/NUCE403/endfb-viii/neutron/Ni60.h5
 Reading Ni61 from /storage/work/vai5027/NUCE403/endfb-viii/neutron/Ni61.h5
 Reading Ni62 from /storage/work/vai5027/NUCE403/endfb-viii/neutron/Ni62.h5
 Reading Ni64 from /storage/work/vai5027/NUCE403/endfb-viii/neutron/Ni64.h5
 Reading Mn55 from /storage/work/vai5027/NUCE403/endfb-viii/neutron/Mn55.h5
 Reading C13 from /storage/work/vai5027/NUCE403/endfb-viii/neutron/C13.h5
 Reading c_H_in_H2O from
 /storage/work/vai5027/NUCE403/endfb-viii/neutron/c_H_in_H2O.h5
 Minimum neutron data temperature: 294 K
 Maximum neutron data temperature: 294 K
 Preparing distributed cell instances...
 Reading plot XML file...
 Writing summary.h5 file...
 Maximum neutron transport energy: 20000000 eV for Zr90
 Initializing source particles...

 ====================>     K EIGENVALUE SIMULATION     <====================

  Bat./Gen.      k            Average k
  =========   ========   ====================
        1/1    1.01561
        2/1    1.02454
        3/1    1.03078
        4/1    1.02820
        5/1    1.02528
        6/1    1.01639
        7/1    1.02500
        8/1    1.01816
        9/1    1.01429
       10/1    1.01385
       11/1    1.00756
       12/1    1.00686
       13/1    1.00864
       14/1    1.00453
       15/1    0.99472
       16/1    0.99403
       17/1    0.99109
       18/1    0.99070
       19/1    1.00058
       20/1    0.99194
       21/1    0.98697
       22/1    0.99261
       23/1    1.00456
       24/1    0.98719
       25/1    0.98672
       26/1    0.99220
       27/1    0.97522
       28/1    0.99051
       29/1    0.99381
       30/1    1.00319
       31/1    0.99611
       32/1    0.98900    0.99256 +/- 0.00356
       33/1    0.99339    0.99283 +/- 0.00207
       34/1    0.99098    0.99237 +/- 0.00154
       35/1    0.99588    0.99307 +/- 0.00138
       36/1    0.98325    0.99144 +/- 0.00199
       37/1    0.97820    0.98954 +/- 0.00253
       38/1    0.99091    0.98972 +/- 0.00220
       39/1    0.98229    0.98889 +/- 0.00211
       40/1    0.99234    0.98924 +/- 0.00192
       41/1    0.99737    0.98998 +/- 0.00188
       42/1    0.99476    0.99037 +/- 0.00176
       43/1    0.99005    0.99035 +/- 0.00162
       44/1    0.99924    0.99098 +/- 0.00163
       45/1    0.99367    0.99116 +/- 0.00153
       46/1    0.98199    0.99059 +/- 0.00154
       47/1    0.98506    0.99026 +/- 0.00148
       48/1    0.99700    0.99064 +/- 0.00145
       49/1    0.98701    0.99045 +/- 0.00138
       50/1    0.99233    0.99054 +/- 0.00132
       51/1    0.98669    0.99036 +/- 0.00126
       52/1    0.99360    0.99051 +/- 0.00121
       53/1    0.99113    0.99053 +/- 0.00116
       54/1    0.98718    0.99039 +/- 0.00112
       55/1    0.99179    0.99045 +/- 0.00108
       56/1    0.98885    0.99039 +/- 0.00104
       57/1    0.98219    0.99008 +/- 0.00104
       58/1    0.98035    0.98974 +/- 0.00106
       59/1    0.98849    0.98969 +/- 0.00103
       60/1    0.99007    0.98971 +/- 0.00099
       61/1    0.99527    0.98989 +/- 0.00098
       62/1    0.99103    0.98992 +/- 0.00095
       63/1    0.98507    0.98977 +/- 0.00093
       64/1    0.99674    0.98998 +/- 0.00092
       65/1    0.99811    0.99021 +/- 0.00093
       66/1    0.98828    0.99016 +/- 0.00090
       67/1    0.98261    0.98995 +/- 0.00090
       68/1    0.98834    0.98991 +/- 0.00088
       69/1    0.99405    0.99002 +/- 0.00086
       70/1    0.99506    0.99014 +/- 0.00085
       71/1    1.00006    0.99039 +/- 0.00086
       72/1    1.00363    0.99070 +/- 0.00090
       73/1    0.99340    0.99076 +/- 0.00088
       74/1    0.98324    0.99059 +/- 0.00088
       75/1    0.99895    0.99078 +/- 0.00088
       76/1    0.98818    0.99072 +/- 0.00086
       77/1    0.99003    0.99071 +/- 0.00084
       78/1    0.98614    0.99061 +/- 0.00083
       79/1    0.99797    0.99076 +/- 0.00083
       80/1    0.98893    0.99073 +/- 0.00081
       81/1    0.98578    0.99063 +/- 0.00080
       82/1    0.99031    0.99062 +/- 0.00078
       83/1    0.99141    0.99064 +/- 0.00077
       84/1    0.98974    0.99062 +/- 0.00075
       85/1    0.99246    0.99065 +/- 0.00074
       86/1    0.99355    0.99071 +/- 0.00073
       87/1    0.98870    0.99067 +/- 0.00072
       88/1    0.97857    0.99046 +/- 0.00074
       89/1    0.98671    0.99040 +/- 0.00073
       90/1    0.99200    0.99042 +/- 0.00071
       91/1    0.98883    0.99040 +/- 0.00070
       92/1    0.99051    0.99040 +/- 0.00069
       93/1    0.99543    0.99048 +/- 0.00069
       94/1    0.99280    0.99052 +/- 0.00068
       95/1    0.98502    0.99043 +/- 0.00067
       96/1    0.98433    0.99034 +/- 0.00067
       97/1    0.98554    0.99027 +/- 0.00066
       98/1    0.97855    0.99010 +/- 0.00067
       99/1    0.98917    0.99008 +/- 0.00066
      100/1    0.99804    0.99020 +/- 0.00066
      101/1    0.98167    0.99008 +/- 0.00067
      102/1    0.99223    0.99011 +/- 0.00066
      103/1    0.99052    0.99011 +/- 0.00065
      104/1    0.99470    0.99017 +/- 0.00064
      105/1    0.99299    0.99021 +/- 0.00063
      106/1    0.99098    0.99022 +/- 0.00063
      107/1    0.99135    0.99024 +/- 0.00062
      108/1    0.99152    0.99025 +/- 0.00061
      109/1    0.98958    0.99024 +/- 0.00060
      110/1    0.98906    0.99023 +/- 0.00059
      111/1    0.99912    0.99034 +/- 0.00060
      112/1    0.99272    0.99037 +/- 0.00059
      113/1    0.98715    0.99033 +/- 0.00059
      114/1    0.99274    0.99036 +/- 0.00058
      115/1    0.98522    0.99030 +/- 0.00058
      116/1    0.99766    0.99038 +/- 0.00057
      117/1    0.98763    0.99035 +/- 0.00057
      118/1    0.99066    0.99035 +/- 0.00056
      119/1    0.99353    0.99039 +/- 0.00056
      120/1    0.98949    0.99038 +/- 0.00055
      121/1    0.98897    0.99036 +/- 0.00055
      122/1    0.98493    0.99031 +/- 0.00054
      123/1    0.99053    0.99031 +/- 0.00054
      124/1    0.98402    0.99024 +/- 0.00054
      125/1    0.99257    0.99027 +/- 0.00053
      126/1    0.99541    0.99032 +/- 0.00053
      127/1    0.99713    0.99039 +/- 0.00053
      128/1    0.99208    0.99041 +/- 0.00052
      129/1    0.98050    0.99031 +/- 0.00053
      130/1    0.99767    0.99038 +/- 0.00053
      131/1    0.99971    0.99047 +/- 0.00053
      132/1    0.98893    0.99046 +/- 0.00052
      133/1    0.98037    0.99036 +/- 0.00053
      134/1    0.98930    0.99035 +/- 0.00052
      135/1    0.98848    0.99033 +/- 0.00052
      136/1    0.98570    0.99029 +/- 0.00051
      137/1    0.98287    0.99022 +/- 0.00051
      138/1    0.98814    0.99020 +/- 0.00051
      139/1    0.99957    0.99029 +/- 0.00051
      140/1    0.99008    0.99028 +/- 0.00051
      141/1    0.98063    0.99020 +/- 0.00051
      142/1    0.99002    0.99019 +/- 0.00051
      143/1    0.99453    0.99023 +/- 0.00050
      144/1    0.99028    0.99023 +/- 0.00050
      145/1    0.98712    0.99021 +/- 0.00050
      146/1    0.98990    0.99020 +/- 0.00049
      147/1    0.99226    0.99022 +/- 0.00049
      148/1    0.99490    0.99026 +/- 0.00048
      149/1    1.00205    0.99036 +/- 0.00049
      150/1    0.98496    0.99032 +/- 0.00049
      151/1    0.99008    0.99031 +/- 0.00048
      152/1    0.98952    0.99031 +/- 0.00048
      153/1    0.98768    0.99029 +/- 0.00048
      154/1    0.99311    0.99031 +/- 0.00047
      155/1    0.98891    0.99030 +/- 0.00047
      156/1    0.98700    0.99027 +/- 0.00047
      157/1    0.98978    0.99027 +/- 0.00046
      158/1    1.00399    0.99037 +/- 0.00047
      159/1    0.97118    0.99023 +/- 0.00049
      160/1    0.98859    0.99021 +/- 0.00049
      161/1    0.98520    0.99017 +/- 0.00049
      162/1    0.99048    0.99018 +/- 0.00048
      163/1    0.99763    0.99023 +/- 0.00048
      164/1    0.98403    0.99019 +/- 0.00048
      165/1    0.99780    0.99024 +/- 0.00048
      166/1    0.99327    0.99027 +/- 0.00048
      167/1    0.99120    0.99027 +/- 0.00047
      168/1    0.99261    0.99029 +/- 0.00047
      169/1    0.99448    0.99032 +/- 0.00047
      170/1    0.98388    0.99027 +/- 0.00047
      171/1    0.99319    0.99029 +/- 0.00046
      172/1    0.98289    0.99024 +/- 0.00046
      173/1    0.99806    0.99030 +/- 0.00046
      174/1    0.98710    0.99027 +/- 0.00046
      175/1    0.98454    0.99023 +/- 0.00046
      176/1    0.99935    0.99030 +/- 0.00046
      177/1    0.99445    0.99033 +/- 0.00046
      178/1    0.97671    0.99023 +/- 0.00046
      179/1    0.99544    0.99027 +/- 0.00046
      180/1    0.98621    0.99024 +/- 0.00046
      181/1    0.98654    0.99022 +/- 0.00046
      182/1    1.00814    0.99033 +/- 0.00047
      183/1    0.98106    0.99027 +/- 0.00047
      184/1    0.99607    0.99031 +/- 0.00047
      185/1    0.99318    0.99033 +/- 0.00047
      186/1    0.98653    0.99031 +/- 0.00046
      187/1    0.99386    0.99033 +/- 0.00046
      188/1    0.98078    0.99027 +/- 0.00046
      189/1    0.98738    0.99025 +/- 0.00046
      190/1    0.97529    0.99016 +/- 0.00047
      191/1    0.98647    0.99013 +/- 0.00046
      192/1    0.98749    0.99012 +/- 0.00046
      193/1    0.98847    0.99011 +/- 0.00046
      194/1    0.97781    0.99003 +/- 0.00046
      195/1    0.98132    0.98998 +/- 0.00046
      196/1    0.98498    0.98995 +/- 0.00046
      197/1    0.97700    0.98987 +/- 0.00046
      198/1    0.98923    0.98987 +/- 0.00046
      199/1    0.99679    0.98991 +/- 0.00046
      200/1    0.98226    0.98986 +/- 0.00046
 Creating state point statepoint.200.h5...

 =======================>     TIMING STATISTICS     <=======================

 Total time for initialization     = 2.2003e+01 seconds
   Reading cross sections          = 2.0744e+01 seconds
 Total time in simulation          = 5.9630e+01 seconds
   Time in transport only          = 5.8241e+01 seconds
   Time in inactive batches        = 8.9847e+00 seconds
   Time in active batches          = 5.0645e+01 seconds
   Time synchronizing fission bank = 7.6418e-01 seconds
     Sampling source sites         = 5.6784e-01 seconds
     SEND/RECV source sites        = 1.7730e-01 seconds
   Time accumulating tallies       = 1.5796e-04 seconds
   Time writing statepoints        = 1.3502e-01 seconds
 Total time for finalization       = 1.5300e-06 seconds
 Total time elapsed                = 8.1679e+01 seconds
 Calculation Rate (inactive)       = 166950 particles/second
 Calculation Rate (active)         = 167835 particles/second

 ============================>     RESULTS     <============================

 k-effective (Collision)     = 0.98968 +/- 0.00037
 k-effective (Track-length)  = 0.98986 +/- 0.00046
 k-effective (Absorption)    = 0.98983 +/- 0.00036
 Combined k-effective        = 0.98981 +/- 0.00031
 Leakage Fraction            = 0.01081 +/- 0.00005

Job ended on p-sc-2451 at Thu Dec 11 18:51:42 EST 2025
