Job started on p-sc-2443 at Sun Dec 14 19:38:30 EST 2025

Due to MODULEPATH changes, the following have been reloaded:
  1) cuda/11.5.0


Due to MODULEPATH changes, the following have been reloaded:
  1) cuda/11.5.0


The following have been reloaded with a version change:
  1) gcc/13.2.0 => gcc/9.1.0

/storage/work/vai5027/.conda/envs/openmc-env1/lib/python3.11/site-packages/openmc/model/funcs.py:124: FutureWarning: The hexagonal_prism(...) function has been replaced by the HexagonalPrism(...) class. Future versions of OpenMC will not accept hexagonal_prism.
  warn("The hexagonal_prism(...) function has been replaced by the "
                                %%%%%%%%%%%%%%%
                           %%%%%%%%%%%%%%%%%%%%%%%%
                        %%%%%%%%%%%%%%%%%%%%%%%%%%%%%%
                      %%%%%%%%%%%%%%%%%%%%%%%%%%%%%%%%%%
                    %%%%%%%%%%%%%%%%%%%%%%%%%%%%%%%%%%%%%%
                   %%%%%%%%%%%%%%%%%%%%%%%%%%%%%%%%%%%%%%%%
                                    %%%%%%%%%%%%%%%%%%%%%%%%
                                     %%%%%%%%%%%%%%%%%%%%%%%%
                 ###############      %%%%%%%%%%%%%%%%%%%%%%%%
                ##################     %%%%%%%%%%%%%%%%%%%%%%%
                ###################     %%%%%%%%%%%%%%%%%%%%%%%
                ####################     %%%%%%%%%%%%%%%%%%%%%%
                #####################     %%%%%%%%%%%%%%%%%%%%%
                ######################     %%%%%%%%%%%%%%%%%%%%
                #######################     %%%%%%%%%%%%%%%%%%
                 #######################     %%%%%%%%%%%%%%%%%
                 ######################     %%%%%%%%%%%%%%%%%
                  ####################     %%%%%%%%%%%%%%%%%
                    #################     %%%%%%%%%%%%%%%%%
                     ###############     %%%%%%%%%%%%%%%%
                       ############     %%%%%%%%%%%%%%%
                          ########     %%%%%%%%%%%%%%
                                      %%%%%%%%%%%

                 | The OpenMC Monte Carlo Code
       Copyright | 2011-2025 MIT, UChicago Argonne LLC, and contributors
         License | https://docs.openmc.org/en/latest/license.html
         Version | 0.15.3
     Commit Hash | 27e38e894697bb32a1dac7848d2618818b6b8daf
       Date/Time | 2025-12-14 19:38:36
   MPI Processes | 1
  OpenMP Threads | 24

 Reading settings XML file...
 Reading cross sections XML file...
 Reading materials XML file...
 Reading geometry XML file...
 Reading U235 from /storage/work/vai5027/NUCE403/endfb-viii/neutron/U235.h5
 Reading U238 from /storage/work/vai5027/NUCE403/endfb-viii/neutron/U238.h5
 Reading O16 from /storage/work/vai5027/NUCE403/endfb-viii/neutron/O16.h5
 Reading Zr90 from /storage/work/vai5027/NUCE403/endfb-viii/neutron/Zr90.h5
 Reading Zr91 from /storage/work/vai5027/NUCE403/endfb-viii/neutron/Zr91.h5
 Reading Zr92 from /storage/work/vai5027/NUCE403/endfb-viii/neutron/Zr92.h5
 Reading Zr94 from /storage/work/vai5027/NUCE403/endfb-viii/neutron/Zr94.h5
 Reading Zr96 from /storage/work/vai5027/NUCE403/endfb-viii/neutron/Zr96.h5
 WARNING: Negative value(s) found on probability table for nuclide Zr96 at 600K
 Reading Sn112 from /storage/work/vai5027/NUCE403/endfb-viii/neutron/Sn112.h5
 Reading Sn114 from /storage/work/vai5027/NUCE403/endfb-viii/neutron/Sn114.h5
 Reading Sn115 from /storage/work/vai5027/NUCE403/endfb-viii/neutron/Sn115.h5
 Reading Sn116 from /storage/work/vai5027/NUCE403/endfb-viii/neutron/Sn116.h5
 Reading Sn117 from /storage/work/vai5027/NUCE403/endfb-viii/neutron/Sn117.h5
 Reading Sn118 from /storage/work/vai5027/NUCE403/endfb-viii/neutron/Sn118.h5
 Reading Sn119 from /storage/work/vai5027/NUCE403/endfb-viii/neutron/Sn119.h5
 Reading Sn120 from /storage/work/vai5027/NUCE403/endfb-viii/neutron/Sn120.h5
 Reading Sn122 from /storage/work/vai5027/NUCE403/endfb-viii/neutron/Sn122.h5
 Reading Sn124 from /storage/work/vai5027/NUCE403/endfb-viii/neutron/Sn124.h5
 Reading Fe54 from /storage/work/vai5027/NUCE403/endfb-viii/neutron/Fe54.h5
 Reading Fe56 from /storage/work/vai5027/NUCE403/endfb-viii/neutron/Fe56.h5
 Reading Fe57 from /storage/work/vai5027/NUCE403/endfb-viii/neutron/Fe57.h5
 Reading Fe58 from /storage/work/vai5027/NUCE403/endfb-viii/neutron/Fe58.h5
 Reading Cr50 from /storage/work/vai5027/NUCE403/endfb-viii/neutron/Cr50.h5
 Reading Cr52 from /storage/work/vai5027/NUCE403/endfb-viii/neutron/Cr52.h5
 Reading Cr53 from /storage/work/vai5027/NUCE403/endfb-viii/neutron/Cr53.h5
 Reading Cr54 from /storage/work/vai5027/NUCE403/endfb-viii/neutron/Cr54.h5
 Reading O17 from /storage/work/vai5027/NUCE403/endfb-viii/neutron/O17.h5
 Reading O18 from /storage/work/vai5027/NUCE403/endfb-viii/neutron/O18.h5
 Reading Hf174 from /storage/work/vai5027/NUCE403/endfb-viii/neutron/Hf174.h5
 Reading Hf176 from /storage/work/vai5027/NUCE403/endfb-viii/neutron/Hf176.h5
 Reading Hf177 from /storage/work/vai5027/NUCE403/endfb-viii/neutron/Hf177.h5
 Reading Hf178 from /storage/work/vai5027/NUCE403/endfb-viii/neutron/Hf178.h5
 Reading Hf179 from /storage/work/vai5027/NUCE403/endfb-viii/neutron/Hf179.h5
 Reading Hf180 from /storage/work/vai5027/NUCE403/endfb-viii/neutron/Hf180.h5
 Reading H1 from /storage/work/vai5027/NUCE403/endfb-viii/neutron/H1.h5
 Reading H2 from /storage/work/vai5027/NUCE403/endfb-viii/neutron/H2.h5
 Reading B10 from /storage/work/vai5027/NUCE403/endfb-viii/neutron/B10.h5
 Reading B11 from /storage/work/vai5027/NUCE403/endfb-viii/neutron/B11.h5
 Reading C12 from /storage/work/vai5027/NUCE403/endfb-viii/neutron/C12.h5
 Reading Ni58 from /storage/work/vai5027/NUCE403/endfb-viii/neutron/Ni58.h5
 Reading Ni60 from /storage/work/vai5027/NUCE403/endfb-viii/neutron/Ni60.h5
 Reading Ni61 from /storage/work/vai5027/NUCE403/endfb-viii/neutron/Ni61.h5
 Reading Ni62 from /storage/work/vai5027/NUCE403/endfb-viii/neutron/Ni62.h5
 Reading Ni64 from /storage/work/vai5027/NUCE403/endfb-viii/neutron/Ni64.h5
 Reading Mn55 from /storage/work/vai5027/NUCE403/endfb-viii/neutron/Mn55.h5
 Reading C13 from /storage/work/vai5027/NUCE403/endfb-viii/neutron/C13.h5
 Reading c_H_in_H2O from
 /storage/work/vai5027/NUCE403/endfb-viii/neutron/c_H_in_H2O.h5
 Minimum neutron data temperature: 294 K
 Maximum neutron data temperature: 600 K
 Preparing distributed cell instances...
 Reading plot XML file...
 Writing summary.h5 file...
 Maximum neutron transport energy: 20000000 eV for Zr90
 Initializing source particles...

 ====================>     K EIGENVALUE SIMULATION     <====================

  Bat./Gen.      k            Average k
  =========   ========   ====================
        1/1    1.24995
        2/1    1.24598
        3/1    1.20791
        4/1    1.23254
        5/1    1.21850
        6/1    1.16738
        7/1    1.16474
        8/1    1.18101
        9/1    1.15516
       10/1    1.17414
       11/1    1.16869
       12/1    1.17846
       13/1    1.16456
       14/1    1.12745
       15/1    1.15567
       16/1    1.15386
       17/1    1.15681
       18/1    1.13714
       19/1    1.16491
       20/1    1.15378
       21/1    1.14529
       22/1    1.15905
       23/1    1.12401
       24/1    1.15759
       25/1    1.14122
       26/1    1.13587
       27/1    1.12852
       28/1    1.14395
       29/1    1.13908
       30/1    1.14602
       31/1    1.17741
       32/1    1.14520    1.16130 +/- 0.01610
       33/1    1.14766    1.15676 +/- 0.01035
       34/1    1.14392    1.15355 +/- 0.00799
       35/1    1.11836    1.14651 +/- 0.00937
       36/1    1.16042    1.14883 +/- 0.00800
       37/1    1.15913    1.15030 +/- 0.00692
       38/1    1.14372    1.14948 +/- 0.00605
       39/1    1.15492    1.15008 +/- 0.00537
       40/1    1.13973    1.14905 +/- 0.00491
       41/1    1.14880    1.14902 +/- 0.00444
       42/1    1.15945    1.14989 +/- 0.00415
       43/1    1.15948    1.15063 +/- 0.00388
       44/1    1.14287    1.15008 +/- 0.00364
       45/1    1.15166    1.15018 +/- 0.00339
       46/1    1.14720    1.15000 +/- 0.00318
       47/1    1.15925    1.15054 +/- 0.00303
       48/1    1.14656    1.15032 +/- 0.00287
       49/1    1.14815    1.15020 +/- 0.00271
       50/1    1.14469    1.14993 +/- 0.00259
       51/1    1.15060    1.14996 +/- 0.00246
       52/1    1.15715    1.15029 +/- 0.00237
       53/1    1.13628    1.14968 +/- 0.00235
       54/1    1.15830    1.15004 +/- 0.00228
       55/1    1.12504    1.14904 +/- 0.00240
       56/1    1.15020    1.14908 +/- 0.00231
       57/1    1.15191    1.14919 +/- 0.00222
       58/1    1.12947    1.14848 +/- 0.00225
       59/1    1.14893    1.14850 +/- 0.00218
       60/1    1.15717    1.14879 +/- 0.00212
       61/1    1.14215    1.14857 +/- 0.00206
       62/1    1.15238    1.14869 +/- 0.00200
       63/1    1.14869    1.14869 +/- 0.00194
       64/1    1.15567    1.14890 +/- 0.00189
       65/1    1.13787    1.14858 +/- 0.00186
       66/1    1.13454    1.14819 +/- 0.00185
       67/1    1.13862    1.14793 +/- 0.00182
       68/1    1.17201    1.14857 +/- 0.00188
       69/1    1.15301    1.14868 +/- 0.00184
       70/1    1.15441    1.14882 +/- 0.00180
       71/1    1.17054    1.14935 +/- 0.00183
       72/1    1.14059    1.14915 +/- 0.00180
       73/1    1.16143    1.14943 +/- 0.00178
       74/1    1.16045    1.14968 +/- 0.00176
       75/1    1.14198    1.14951 +/- 0.00173
       76/1    1.16453    1.14984 +/- 0.00172
       77/1    1.16443    1.15015 +/- 0.00171
       78/1    1.15162    1.15018 +/- 0.00167
       79/1    1.14792    1.15013 +/- 0.00164
       80/1    1.14955    1.15012 +/- 0.00161
       81/1    1.15519    1.15022 +/- 0.00158
       82/1    1.12777    1.14979 +/- 0.00161
       83/1    1.15068    1.14980 +/- 0.00158
       84/1    1.15818    1.14996 +/- 0.00155
       85/1    1.16029    1.15015 +/- 0.00154
       86/1    1.16738    1.15046 +/- 0.00154
       87/1    1.15968    1.15062 +/- 0.00152
       88/1    1.12977    1.15026 +/- 0.00154
       89/1    1.15136    1.15028 +/- 0.00151
       90/1    1.15709    1.15039 +/- 0.00149
       91/1    1.11047    1.14974 +/- 0.00161
       92/1    1.16388    1.14996 +/- 0.00160
       93/1    1.13834    1.14978 +/- 0.00158
       94/1    1.16142    1.14996 +/- 0.00157
       95/1    1.13418    1.14972 +/- 0.00156
       96/1    1.12389    1.14933 +/- 0.00159
       97/1    1.15098    1.14935 +/- 0.00156
       98/1    1.16664    1.14961 +/- 0.00156
       99/1    1.15214    1.14964 +/- 0.00154
      100/1    1.13892    1.14949 +/- 0.00152
      101/1    1.17272    1.14982 +/- 0.00154
      102/1    1.15638    1.14991 +/- 0.00152
      103/1    1.17388    1.15024 +/- 0.00153
      104/1    1.14712    1.15019 +/- 0.00151
      105/1    1.17186    1.15048 +/- 0.00152
      106/1    1.14094    1.15036 +/- 0.00151
      107/1    1.14823    1.15033 +/- 0.00149
      108/1    1.16945    1.15057 +/- 0.00149
      109/1    1.13798    1.15042 +/- 0.00148
      110/1    1.13656    1.15024 +/- 0.00147
      111/1    1.13095    1.15000 +/- 0.00147
      112/1    1.15499    1.15006 +/- 0.00145
      113/1    1.15263    1.15010 +/- 0.00144
      114/1    1.15182    1.15012 +/- 0.00142
      115/1    1.15582    1.15018 +/- 0.00140
      116/1    1.12627    1.14991 +/- 0.00141
      117/1    1.15929    1.15001 +/- 0.00140
      118/1    1.15505    1.15007 +/- 0.00139
      119/1    1.15257    1.15010 +/- 0.00137
      120/1    1.13507    1.14993 +/- 0.00137
      121/1    1.14445    1.14987 +/- 0.00135
      122/1    1.16417    1.15003 +/- 0.00135
      123/1    1.15548    1.15009 +/- 0.00133
      124/1    1.13550    1.14993 +/- 0.00133
      125/1    1.16199    1.15006 +/- 0.00132
      126/1    1.15280    1.15009 +/- 0.00131
      127/1    1.14155    1.15000 +/- 0.00130
      128/1    1.13671    1.14986 +/- 0.00129
      129/1    1.15605    1.14992 +/- 0.00128
      130/1    1.13862    1.14981 +/- 0.00127
      131/1    1.14620    1.14978 +/- 0.00126
      132/1    1.12427    1.14953 +/- 0.00127
      133/1    1.13617    1.14940 +/- 0.00127
      134/1    1.17093    1.14960 +/- 0.00127
      135/1    1.14571    1.14957 +/- 0.00126
      136/1    1.14405    1.14951 +/- 0.00125
      137/1    1.15474    1.14956 +/- 0.00124
      138/1    1.15369    1.14960 +/- 0.00123
      139/1    1.16536    1.14975 +/- 0.00122
      140/1    1.16901    1.14992 +/- 0.00123
      141/1    1.15324    1.14995 +/- 0.00121
      142/1    1.14157    1.14988 +/- 0.00121
      143/1    1.15242    1.14990 +/- 0.00120
      144/1    1.15076    1.14991 +/- 0.00119
      145/1    1.12510    1.14969 +/- 0.00119
      146/1    1.15291    1.14972 +/- 0.00118
      147/1    1.16345    1.14984 +/- 0.00118
      148/1    1.13639    1.14972 +/- 0.00118
      149/1    1.13363    1.14959 +/- 0.00117
      150/1    1.17601    1.14981 +/- 0.00118
 Creating state point statepoint.150.h5...

 =======================>     TIMING STATISTICS     <=======================

 Total time for initialization     = 1.7491e+01 seconds
   Reading cross sections          = 1.7105e+01 seconds
 Total time in simulation          = 9.6499e+00 seconds
   Time in transport only          = 9.4084e+00 seconds
   Time in inactive batches        = 1.9424e+00 seconds
   Time in active batches          = 7.7075e+00 seconds
   Time synchronizing fission bank = 1.1243e-01 seconds
     Sampling source sites         = 8.7098e-02 seconds
     SEND/RECV source sites        = 2.4367e-02 seconds
   Time accumulating tallies       = 5.1971e-05 seconds
   Time writing statepoints        = 5.7246e-02 seconds
 Total time for finalization       = 1.1370e-06 seconds
 Total time elapsed                = 2.7179e+01 seconds
 Calculation Rate (inactive)       = 154445 particles/second
 Calculation Rate (active)         = 155693 particles/second

 ============================>     RESULTS     <============================

 k-effective (Collision)     = 1.15036 +/- 0.00109
 k-effective (Track-length)  = 1.14981 +/- 0.00118
 k-effective (Absorption)    = 1.15084 +/- 0.00105
 Combined k-effective        = 1.15046 +/- 0.00090
 Leakage Fraction            = 0.02072 +/- 0.00014

Job ended on p-sc-2443 at Sun Dec 14 19:39:04 EST 2025
